16:37:20.855 [restartedMain] INFO  c.b.productos.ProductosApplication - Starting ProductosApplication using Java 17.0.4.1 with PID 12632 (C:\Users\franc\OneDrive\Escritorio\challenge-bricks\productos\target\classes started by franc in C:\Users\franc\OneDrive\Escritorio\challenge-bricks\productos)
16:37:20.861 [restartedMain] INFO  c.b.productos.ProductosApplication - No active profile set, falling back to 1 default profile: "default"
16:37:20.961 [restartedMain] INFO  o.s.b.d.e.DevToolsPropertyDefaultsPostProcessor - Devtools property defaults active! Set 'spring.devtools.add-properties' to 'false' to disable
16:37:20.961 [restartedMain] INFO  o.s.b.d.e.DevToolsPropertyDefaultsPostProcessor - For additional web related logging consider setting the 'logging.level.web' property to 'DEBUG'
16:37:22.066 [restartedMain] INFO  o.s.d.r.c.RepositoryConfigurationDelegate - Bootstrapping Spring Data JPA repositories in DEFAULT mode.
16:37:22.172 [restartedMain] INFO  o.s.d.r.c.RepositoryConfigurationDelegate - Finished Spring Data repository scanning in 92 ms. Found 2 JPA repository interfaces.
16:37:23.195 [restartedMain] INFO  o.s.b.w.e.tomcat.TomcatWebServer - Tomcat initialized with port(s): 8080 (http)
16:37:23.211 [restartedMain] INFO  o.a.coyote.http11.Http11NioProtocol - Initializing ProtocolHandler ["http-nio-8080"]
16:37:23.216 [restartedMain] INFO  o.a.catalina.core.StandardService - Starting service [Tomcat]
16:37:23.216 [restartedMain] INFO  o.a.catalina.core.StandardEngine - Starting Servlet engine: [Apache Tomcat/10.1.20]
16:37:23.314 [restartedMain] INFO  o.a.c.c.C.[Tomcat].[localhost].[/] - Initializing Spring embedded WebApplicationContext
16:37:23.316 [restartedMain] INFO  o.s.b.w.s.c.ServletWebServerApplicationContext - Root WebApplicationContext: initialization completed in 2352 ms
16:37:23.353 [restartedMain] INFO  com.zaxxer.hikari.HikariDataSource - HikariPool-1 - Starting...
16:37:23.715 [restartedMain] INFO  com.zaxxer.hikari.pool.HikariPool - HikariPool-1 - Added connection conn0: url=jdbc:h2:mem:ProductoDB user=ADMIN
16:37:23.717 [restartedMain] INFO  com.zaxxer.hikari.HikariDataSource - HikariPool-1 - Start completed.
16:37:23.731 [restartedMain] INFO  o.s.b.a.h.H2ConsoleAutoConfiguration - H2 console available at '/h2-console'. Database available at 'jdbc:h2:mem:ProductoDB'
16:37:23.943 [restartedMain] INFO  o.h.jpa.internal.util.LogHelper - HHH000204: Processing PersistenceUnitInfo [name: default]
16:37:24.075 [restartedMain] INFO  org.hibernate.Version - HHH000412: Hibernate ORM core version 6.2.24.Final
16:37:24.095 [restartedMain] INFO  org.hibernate.cfg.Environment - HHH000406: Using bytecode reflection optimizer
16:37:24.616 [restartedMain] INFO  o.s.o.j.p.SpringPersistenceUnitInfo - No LoadTimeWeaver setup: ignoring JPA class transformer
16:37:24.702 [restartedMain] WARN  org.hibernate.orm.deprecation - HHH90000025: H2Dialect does not need to be specified explicitly using 'hibernate.dialect' (remove the property setting and it will be selected by default)
16:37:25.810 [restartedMain] INFO  o.h.e.t.j.p.i.JtaPlatformInitiator - HHH000489: No JTA platform available (set 'hibernate.transaction.jta.platform' to enable JTA platform integration)
16:37:25.887 [restartedMain] INFO  o.s.o.j.LocalContainerEntityManagerFactoryBean - Initialized JPA EntityManagerFactory for persistence unit 'default'
16:37:26.191 [restartedMain] WARN  o.s.b.w.s.c.AnnotationConfigServletWebServerApplicationContext - Exception encountered during context initialization - cancelling refresh attempt: org.springframework.beans.factory.UnsatisfiedDependencyException: Error creating bean with name 'categorySyncJob': Unsatisfied dependency expressed through field 'apiClient': No qualifying bean of type 'com.bricks.productos.apiExterna.ApiClient' available: expected at least 1 bean which qualifies as autowire candidate. Dependency annotations: {@org.springframework.beans.factory.annotation.Autowired(required=true)}
16:37:26.191 [restartedMain] INFO  o.s.o.j.LocalContainerEntityManagerFactoryBean - Closing JPA EntityManagerFactory for persistence unit 'default'
16:37:26.449 [restartedMain] WARN  o.s.b.f.s.DisposableBeanAdapter - Invocation of destroy method failed on bean with name 'inMemoryDatabaseShutdownExecutor': org.h2.jdbc.JdbcSQLNonTransientConnectionException: La base de datos ya esta cerrada (para des-habilitar el cerrado automatico durante el shutdown de la VM, agregue ";DB_CLOSE_ON_EXIT=FALSE" a la URL de conexión)
Database is already closed (to disable automatic closing at VM shutdown, add ";DB_CLOSE_ON_EXIT=FALSE" to the db URL) [90121-214]
16:37:26.450 [restartedMain] INFO  com.zaxxer.hikari.HikariDataSource - HikariPool-1 - Shutdown initiated...
16:37:26.452 [restartedMain] INFO  com.zaxxer.hikari.HikariDataSource - HikariPool-1 - Shutdown completed.
16:37:26.454 [restartedMain] INFO  o.a.catalina.core.StandardService - Stopping service [Tomcat]
16:37:26.470 [restartedMain] INFO  o.s.b.a.l.ConditionEvaluationReportLogger - 

Error starting ApplicationContext. To display the condition evaluation report re-run your application with 'debug' enabled.
16:37:26.497 [restartedMain] ERROR o.s.b.d.LoggingFailureAnalysisReporter - 

***************************
APPLICATION FAILED TO START
***************************

Description:

Field apiClient in com.bricks.productos.job.CategorySyncJob required a bean of type 'com.bricks.productos.apiExterna.ApiClient' that could not be found.

The injection point has the following annotations:
	- @org.springframework.beans.factory.annotation.Autowired(required=true)


Action:

Consider defining a bean of type 'com.bricks.productos.apiExterna.ApiClient' in your configuration.

16:38:54.339 [restartedMain] INFO  c.b.productos.ProductosApplication - Starting ProductosApplication using Java 17.0.4.1 with PID 5564 (C:\Users\franc\OneDrive\Escritorio\challenge-bricks\productos\target\classes started by franc in C:\Users\franc\OneDrive\Escritorio\challenge-bricks\productos)
16:38:54.342 [restartedMain] INFO  c.b.productos.ProductosApplication - No active profile set, falling back to 1 default profile: "default"
16:38:54.436 [restartedMain] INFO  o.s.b.d.e.DevToolsPropertyDefaultsPostProcessor - Devtools property defaults active! Set 'spring.devtools.add-properties' to 'false' to disable
16:38:54.436 [restartedMain] INFO  o.s.b.d.e.DevToolsPropertyDefaultsPostProcessor - For additional web related logging consider setting the 'logging.level.web' property to 'DEBUG'
16:38:55.758 [restartedMain] INFO  o.s.d.r.c.RepositoryConfigurationDelegate - Bootstrapping Spring Data JPA repositories in DEFAULT mode.
16:38:55.863 [restartedMain] INFO  o.s.d.r.c.RepositoryConfigurationDelegate - Finished Spring Data repository scanning in 80 ms. Found 2 JPA repository interfaces.
16:38:57.162 [restartedMain] INFO  o.s.b.w.e.tomcat.TomcatWebServer - Tomcat initialized with port(s): 8080 (http)
16:38:57.175 [restartedMain] INFO  o.a.coyote.http11.Http11NioProtocol - Initializing ProtocolHandler ["http-nio-8080"]
16:38:57.178 [restartedMain] INFO  o.a.catalina.core.StandardService - Starting service [Tomcat]
16:38:57.178 [restartedMain] INFO  o.a.catalina.core.StandardEngine - Starting Servlet engine: [Apache Tomcat/10.1.20]
16:38:57.269 [restartedMain] INFO  o.a.c.c.C.[Tomcat].[localhost].[/] - Initializing Spring embedded WebApplicationContext
16:38:57.272 [restartedMain] INFO  o.s.b.w.s.c.ServletWebServerApplicationContext - Root WebApplicationContext: initialization completed in 2832 ms
16:38:57.306 [restartedMain] INFO  com.zaxxer.hikari.HikariDataSource - HikariPool-1 - Starting...
16:38:57.569 [restartedMain] INFO  com.zaxxer.hikari.pool.HikariPool - HikariPool-1 - Added connection conn0: url=jdbc:h2:mem:ProductoDB user=ADMIN
16:38:57.571 [restartedMain] INFO  com.zaxxer.hikari.HikariDataSource - HikariPool-1 - Start completed.
16:38:57.584 [restartedMain] INFO  o.s.b.a.h.H2ConsoleAutoConfiguration - H2 console available at '/h2-console'. Database available at 'jdbc:h2:mem:ProductoDB'
16:38:57.752 [restartedMain] INFO  o.h.jpa.internal.util.LogHelper - HHH000204: Processing PersistenceUnitInfo [name: default]
16:38:57.826 [restartedMain] INFO  org.hibernate.Version - HHH000412: Hibernate ORM core version 6.2.24.Final
16:38:57.829 [restartedMain] INFO  org.hibernate.cfg.Environment - HHH000406: Using bytecode reflection optimizer
16:38:58.167 [restartedMain] INFO  o.s.o.j.p.SpringPersistenceUnitInfo - No LoadTimeWeaver setup: ignoring JPA class transformer
16:38:58.220 [restartedMain] WARN  org.hibernate.orm.deprecation - HHH90000025: H2Dialect does not need to be specified explicitly using 'hibernate.dialect' (remove the property setting and it will be selected by default)
16:38:59.303 [restartedMain] INFO  o.h.e.t.j.p.i.JtaPlatformInitiator - HHH000489: No JTA platform available (set 'hibernate.transaction.jta.platform' to enable JTA platform integration)
16:38:59.374 [restartedMain] INFO  o.s.o.j.LocalContainerEntityManagerFactoryBean - Initialized JPA EntityManagerFactory for persistence unit 'default'
16:39:01.395 [restartedMain] INFO  c.b.productos.apiExterna.ApiClient - Respuesta de la API: CategoryDTO(id=1, code=GAS, name=Gastronomía, description=null, icon=<svg width="20" height="20" viewBox="0 0 20 20" fill="none" xmlns="http://www.w3.org/2000/svg">
<mask id="mask0_3874_1229" style="mask-type:alpha" maskUnits="userSpaceOnUse" x="0" y="0" width="20" height="20">
<rect width="20" height="20" fill="#D9D9D9"/>
</mask>
<g mask="url(#mask0_3874_1229)">
<path d="M14.3585 17.9168C14.2403 17.9168 14.1414 17.8769 14.0618 17.797C13.9822 17.7172 13.9424 17.6182 13.9424 17.5002V11.2502H13.2373C12.8671 11.2502 12.5502 11.1184 12.2865 10.8547C12.0229 10.5911 11.8911 10.2742 11.8911 9.90402V5.8335C11.8911 4.90508 12.1531 4.0827 12.6772 3.36635C13.2012 2.65 13.9007 2.23307 14.7757 2.11554V17.5002C14.7757 17.6182 14.7357 17.7172 14.6558 17.797C14.5758 17.8769 14.4767 17.9168 14.3585 17.9168ZM6.66617 17.9168C6.54795 17.9168 6.44905 17.8769 6.36947 17.797C6.28987 17.7172 6.25007 17.6182 6.25007 17.5002V10.388C5.60583 10.2897 5.06016 9.99429 4.61305 9.50177C4.16594 9.00924 3.94238 8.40614 3.94238 7.69248V2.50016C3.94238 2.38211 3.98236 2.28315 4.06232 2.20329C4.14229 2.12343 4.24139 2.0835 4.35961 2.0835C4.47782 2.0835 4.57672 2.12343 4.65632 2.20329C4.73592 2.28315 4.77572 2.38211 4.77572 2.50016V7.69248H6.25007V2.50016C6.25007 2.38211 6.29006 2.28315 6.37003 2.20329C6.44999 2.12343 6.54908 2.0835 6.6673 2.0835C6.78552 2.0835 6.88442 2.12343 6.96401 2.20329C7.04361 2.28315 7.0834 2.38211 7.0834 2.50016V7.69248H8.55776V2.50016C8.55776 2.38211 8.59774 2.28315 8.67772 2.20329C8.75769 2.12343 8.85678 2.0835 8.97499 2.0835C9.09321 2.0835 9.19212 2.12343 9.27172 2.20329C9.3513 2.28315 9.39109 2.38211 9.39109 2.50016V7.69248C9.39109 8.40614 9.16754 9.00924 8.72042 9.50177C8.27331 9.99429 7.72764 10.2897 7.0834 10.388V17.5002C7.0834 17.6182 7.04342 17.7172 6.96345 17.797C6.88349 17.8769 6.7844 17.9168 6.66617 17.9168Z" fill="#868BC3"/>
</g>
</svg>)
16:39:01.766 [restartedMain] INFO  c.b.productos.job.CategorySyncJob - Categorías sincronizadas correctamente desde la API.
16:39:01.811 [restartedMain] WARN  o.s.b.a.o.j.JpaBaseConfiguration$JpaWebConfiguration - spring.jpa.open-in-view is enabled by default. Therefore, database queries may be performed during view rendering. Explicitly configure spring.jpa.open-in-view to disable this warning
16:39:02.245 [restartedMain] INFO  o.s.b.d.a.OptionalLiveReloadServer - LiveReload server is running on port 35729
16:39:02.275 [restartedMain] INFO  o.a.coyote.http11.Http11NioProtocol - Starting ProtocolHandler ["http-nio-8080"]
16:39:02.332 [restartedMain] INFO  o.s.b.w.e.tomcat.TomcatWebServer - Tomcat started on port(s): 8080 (http) with context path ''
16:39:02.358 [restartedMain] INFO  c.b.productos.ProductosApplication - Started ProductosApplication in 8.539 seconds (process running for 9.372)
16:40:14.741 [SpringApplicationShutdownHook] INFO  o.s.o.j.LocalContainerEntityManagerFactoryBean - Closing JPA EntityManagerFactory for persistence unit 'default'
16:40:15.113 [SpringApplicationShutdownHook] WARN  o.s.b.f.s.DisposableBeanAdapter - Invocation of destroy method failed on bean with name 'inMemoryDatabaseShutdownExecutor': org.h2.jdbc.JdbcSQLNonTransientConnectionException: La base de datos ya esta cerrada (para des-habilitar el cerrado automatico durante el shutdown de la VM, agregue ";DB_CLOSE_ON_EXIT=FALSE" a la URL de conexión)
Database is already closed (to disable automatic closing at VM shutdown, add ";DB_CLOSE_ON_EXIT=FALSE" to the db URL) [90121-214]
16:40:15.114 [SpringApplicationShutdownHook] INFO  com.zaxxer.hikari.HikariDataSource - HikariPool-1 - Shutdown initiated...
16:40:15.231 [SpringApplicationShutdownHook] INFO  com.zaxxer.hikari.HikariDataSource - HikariPool-1 - Shutdown completed.
16:40:30.655 [restartedMain] INFO  c.b.productos.ProductosApplication - Starting ProductosApplication using Java 17.0.4.1 with PID 9200 (C:\Users\franc\OneDrive\Escritorio\challenge-bricks\productos\target\classes started by franc in C:\Users\franc\OneDrive\Escritorio\challenge-bricks\productos)
16:40:30.658 [restartedMain] INFO  c.b.productos.ProductosApplication - No active profile set, falling back to 1 default profile: "default"
16:40:30.749 [restartedMain] INFO  o.s.b.d.e.DevToolsPropertyDefaultsPostProcessor - Devtools property defaults active! Set 'spring.devtools.add-properties' to 'false' to disable
16:40:30.750 [restartedMain] INFO  o.s.b.d.e.DevToolsPropertyDefaultsPostProcessor - For additional web related logging consider setting the 'logging.level.web' property to 'DEBUG'
16:40:31.872 [restartedMain] INFO  o.s.d.r.c.RepositoryConfigurationDelegate - Bootstrapping Spring Data JPA repositories in DEFAULT mode.
16:40:31.986 [restartedMain] INFO  o.s.d.r.c.RepositoryConfigurationDelegate - Finished Spring Data repository scanning in 85 ms. Found 2 JPA repository interfaces.
16:40:33.046 [restartedMain] INFO  o.s.b.w.e.tomcat.TomcatWebServer - Tomcat initialized with port(s): 8080 (http)
16:40:33.059 [restartedMain] INFO  o.a.coyote.http11.Http11NioProtocol - Initializing ProtocolHandler ["http-nio-8080"]
16:40:33.063 [restartedMain] INFO  o.a.catalina.core.StandardService - Starting service [Tomcat]
16:40:33.064 [restartedMain] INFO  o.a.catalina.core.StandardEngine - Starting Servlet engine: [Apache Tomcat/10.1.20]
16:40:33.173 [restartedMain] INFO  o.a.c.c.C.[Tomcat].[localhost].[/] - Initializing Spring embedded WebApplicationContext
16:40:33.175 [restartedMain] INFO  o.s.b.w.s.c.ServletWebServerApplicationContext - Root WebApplicationContext: initialization completed in 2421 ms
16:40:33.215 [restartedMain] INFO  com.zaxxer.hikari.HikariDataSource - HikariPool-1 - Starting...
16:40:33.552 [restartedMain] INFO  com.zaxxer.hikari.pool.HikariPool - HikariPool-1 - Added connection conn0: url=jdbc:h2:mem:ProductoDB user=ADMIN
16:40:33.554 [restartedMain] INFO  com.zaxxer.hikari.HikariDataSource - HikariPool-1 - Start completed.
16:40:33.570 [restartedMain] INFO  o.s.b.a.h.H2ConsoleAutoConfiguration - H2 console available at '/h2-console'. Database available at 'jdbc:h2:mem:ProductoDB'
16:40:33.806 [restartedMain] INFO  o.h.jpa.internal.util.LogHelper - HHH000204: Processing PersistenceUnitInfo [name: default]
16:40:33.941 [restartedMain] INFO  org.hibernate.Version - HHH000412: Hibernate ORM core version 6.2.24.Final
16:40:33.945 [restartedMain] INFO  org.hibernate.cfg.Environment - HHH000406: Using bytecode reflection optimizer
16:40:34.599 [restartedMain] INFO  o.s.o.j.p.SpringPersistenceUnitInfo - No LoadTimeWeaver setup: ignoring JPA class transformer
16:40:34.675 [restartedMain] WARN  org.hibernate.orm.deprecation - HHH90000025: H2Dialect does not need to be specified explicitly using 'hibernate.dialect' (remove the property setting and it will be selected by default)
16:40:38.009 [restartedMain] INFO  o.h.e.t.j.p.i.JtaPlatformInitiator - HHH000489: No JTA platform available (set 'hibernate.transaction.jta.platform' to enable JTA platform integration)
16:40:38.094 [restartedMain] INFO  o.s.o.j.LocalContainerEntityManagerFactoryBean - Initialized JPA EntityManagerFactory for persistence unit 'default'
16:40:39.013 [restartedMain] INFO  c.b.productos.ProductosApplication - Starting ProductosApplication using Java 17.0.4.1 with PID 12696 (C:\Users\franc\OneDrive\Escritorio\challenge-bricks\productos\target\classes started by franc in C:\Users\franc\OneDrive\Escritorio\challenge-bricks\productos)
16:40:39.017 [restartedMain] INFO  c.b.productos.ProductosApplication - No active profile set, falling back to 1 default profile: "default"
16:40:39.135 [restartedMain] INFO  o.s.b.d.e.DevToolsPropertyDefaultsPostProcessor - Devtools property defaults active! Set 'spring.devtools.add-properties' to 'false' to disable
16:40:39.135 [restartedMain] INFO  o.s.b.d.e.DevToolsPropertyDefaultsPostProcessor - For additional web related logging consider setting the 'logging.level.web' property to 'DEBUG'
16:40:40.356 [restartedMain] INFO  o.s.d.r.c.RepositoryConfigurationDelegate - Bootstrapping Spring Data JPA repositories in DEFAULT mode.
16:40:40.410 [restartedMain] INFO  c.b.productos.apiExterna.ApiClient - Status code: 200 OK
16:40:40.412 [restartedMain] INFO  c.b.productos.apiExterna.ApiClient - Respuesta de la API: CategoryDTO(id=1, code=GAS, name=Gastronomía, description=null, icon=<svg width="20" height="20" viewBox="0 0 20 20" fill="none" xmlns="http://www.w3.org/2000/svg">
<mask id="mask0_3874_1229" style="mask-type:alpha" maskUnits="userSpaceOnUse" x="0" y="0" width="20" height="20">
<rect width="20" height="20" fill="#D9D9D9"/>
</mask>
<g mask="url(#mask0_3874_1229)">
<path d="M14.3585 17.9168C14.2403 17.9168 14.1414 17.8769 14.0618 17.797C13.9822 17.7172 13.9424 17.6182 13.9424 17.5002V11.2502H13.2373C12.8671 11.2502 12.5502 11.1184 12.2865 10.8547C12.0229 10.5911 11.8911 10.2742 11.8911 9.90402V5.8335C11.8911 4.90508 12.1531 4.0827 12.6772 3.36635C13.2012 2.65 13.9007 2.23307 14.7757 2.11554V17.5002C14.7757 17.6182 14.7357 17.7172 14.6558 17.797C14.5758 17.8769 14.4767 17.9168 14.3585 17.9168ZM6.66617 17.9168C6.54795 17.9168 6.44905 17.8769 6.36947 17.797C6.28987 17.7172 6.25007 17.6182 6.25007 17.5002V10.388C5.60583 10.2897 5.06016 9.99429 4.61305 9.50177C4.16594 9.00924 3.94238 8.40614 3.94238 7.69248V2.50016C3.94238 2.38211 3.98236 2.28315 4.06232 2.20329C4.14229 2.12343 4.24139 2.0835 4.35961 2.0835C4.47782 2.0835 4.57672 2.12343 4.65632 2.20329C4.73592 2.28315 4.77572 2.38211 4.77572 2.50016V7.69248H6.25007V2.50016C6.25007 2.38211 6.29006 2.28315 6.37003 2.20329C6.44999 2.12343 6.54908 2.0835 6.6673 2.0835C6.78552 2.0835 6.88442 2.12343 6.96401 2.20329C7.04361 2.28315 7.0834 2.38211 7.0834 2.50016V7.69248H8.55776V2.50016C8.55776 2.38211 8.59774 2.28315 8.67772 2.20329C8.75769 2.12343 8.85678 2.0835 8.97499 2.0835C9.09321 2.0835 9.19212 2.12343 9.27172 2.20329C9.3513 2.28315 9.39109 2.38211 9.39109 2.50016V7.69248C9.39109 8.40614 9.16754 9.00924 8.72042 9.50177C8.27331 9.99429 7.72764 10.2897 7.0834 10.388V17.5002C7.0834 17.6182 7.04342 17.7172 6.96345 17.797C6.88349 17.8769 6.7844 17.9168 6.66617 17.9168Z" fill="#868BC3"/>
</g>
</svg>)
16:40:40.571 [restartedMain] INFO  o.s.d.r.c.RepositoryConfigurationDelegate - Finished Spring Data repository scanning in 201 ms. Found 2 JPA repository interfaces.
16:40:41.009 [restartedMain] INFO  c.b.productos.job.CategorySyncJob - Categorías sincronizadas correctamente desde la API.
16:40:41.282 [restartedMain] WARN  o.s.b.a.o.j.JpaBaseConfiguration$JpaWebConfiguration - spring.jpa.open-in-view is enabled by default. Therefore, database queries may be performed during view rendering. Explicitly configure spring.jpa.open-in-view to disable this warning
16:40:42.207 [restartedMain] INFO  o.s.b.d.a.OptionalLiveReloadServer - LiveReload server is running on port 35729
16:40:42.232 [restartedMain] INFO  o.a.coyote.http11.Http11NioProtocol - Starting ProtocolHandler ["http-nio-8080"]
16:40:42.356 [restartedMain] INFO  o.s.b.w.e.tomcat.TomcatWebServer - Tomcat started on port(s): 8080 (http) with context path ''
16:40:42.373 [restartedMain] INFO  c.b.productos.ProductosApplication - Started ProductosApplication in 12.247 seconds (process running for 13.295)
16:40:42.636 [restartedMain] INFO  o.s.b.w.e.tomcat.TomcatWebServer - Tomcat initialized with port(s): 8080 (http)
16:40:42.647 [restartedMain] INFO  o.a.coyote.http11.Http11NioProtocol - Initializing ProtocolHandler ["http-nio-8080"]
16:40:42.650 [restartedMain] INFO  o.a.catalina.core.StandardService - Starting service [Tomcat]
16:40:42.651 [restartedMain] INFO  o.a.catalina.core.StandardEngine - Starting Servlet engine: [Apache Tomcat/10.1.20]
16:40:42.803 [restartedMain] INFO  o.a.c.c.C.[Tomcat].[localhost].[/] - Initializing Spring embedded WebApplicationContext
16:40:42.805 [restartedMain] INFO  o.s.b.w.s.c.ServletWebServerApplicationContext - Root WebApplicationContext: initialization completed in 3668 ms
16:40:42.853 [restartedMain] INFO  com.zaxxer.hikari.HikariDataSource - HikariPool-1 - Starting...
16:40:43.158 [restartedMain] INFO  com.zaxxer.hikari.pool.HikariPool - HikariPool-1 - Added connection conn0: url=jdbc:h2:mem:ProductoDB user=ADMIN
16:40:43.160 [restartedMain] INFO  com.zaxxer.hikari.HikariDataSource - HikariPool-1 - Start completed.
16:40:43.185 [restartedMain] INFO  o.s.b.a.h.H2ConsoleAutoConfiguration - H2 console available at '/h2-console'. Database available at 'jdbc:h2:mem:ProductoDB'
16:40:43.406 [restartedMain] INFO  o.h.jpa.internal.util.LogHelper - HHH000204: Processing PersistenceUnitInfo [name: default]
16:40:43.530 [restartedMain] INFO  org.hibernate.Version - HHH000412: Hibernate ORM core version 6.2.24.Final
16:40:43.533 [restartedMain] INFO  org.hibernate.cfg.Environment - HHH000406: Using bytecode reflection optimizer
16:40:44.246 [restartedMain] INFO  o.s.o.j.p.SpringPersistenceUnitInfo - No LoadTimeWeaver setup: ignoring JPA class transformer
16:40:44.320 [restartedMain] WARN  org.hibernate.orm.deprecation - HHH90000025: H2Dialect does not need to be specified explicitly using 'hibernate.dialect' (remove the property setting and it will be selected by default)
16:40:45.657 [restartedMain] INFO  o.h.e.t.j.p.i.JtaPlatformInitiator - HHH000489: No JTA platform available (set 'hibernate.transaction.jta.platform' to enable JTA platform integration)
16:40:45.732 [restartedMain] INFO  o.s.o.j.LocalContainerEntityManagerFactoryBean - Initialized JPA EntityManagerFactory for persistence unit 'default'
16:40:47.087 [restartedMain] INFO  c.b.productos.apiExterna.ApiClient - Status code: 200 OK
16:40:47.088 [restartedMain] INFO  c.b.productos.apiExterna.ApiClient - Respuesta de la API: CategoryDTO(id=1, code=GAS, name=Gastronomía, description=null, icon=<svg width="20" height="20" viewBox="0 0 20 20" fill="none" xmlns="http://www.w3.org/2000/svg">
<mask id="mask0_3874_1229" style="mask-type:alpha" maskUnits="userSpaceOnUse" x="0" y="0" width="20" height="20">
<rect width="20" height="20" fill="#D9D9D9"/>
</mask>
<g mask="url(#mask0_3874_1229)">
<path d="M14.3585 17.9168C14.2403 17.9168 14.1414 17.8769 14.0618 17.797C13.9822 17.7172 13.9424 17.6182 13.9424 17.5002V11.2502H13.2373C12.8671 11.2502 12.5502 11.1184 12.2865 10.8547C12.0229 10.5911 11.8911 10.2742 11.8911 9.90402V5.8335C11.8911 4.90508 12.1531 4.0827 12.6772 3.36635C13.2012 2.65 13.9007 2.23307 14.7757 2.11554V17.5002C14.7757 17.6182 14.7357 17.7172 14.6558 17.797C14.5758 17.8769 14.4767 17.9168 14.3585 17.9168ZM6.66617 17.9168C6.54795 17.9168 6.44905 17.8769 6.36947 17.797C6.28987 17.7172 6.25007 17.6182 6.25007 17.5002V10.388C5.60583 10.2897 5.06016 9.99429 4.61305 9.50177C4.16594 9.00924 3.94238 8.40614 3.94238 7.69248V2.50016C3.94238 2.38211 3.98236 2.28315 4.06232 2.20329C4.14229 2.12343 4.24139 2.0835 4.35961 2.0835C4.47782 2.0835 4.57672 2.12343 4.65632 2.20329C4.73592 2.28315 4.77572 2.38211 4.77572 2.50016V7.69248H6.25007V2.50016C6.25007 2.38211 6.29006 2.28315 6.37003 2.20329C6.44999 2.12343 6.54908 2.0835 6.6673 2.0835C6.78552 2.0835 6.88442 2.12343 6.96401 2.20329C7.04361 2.28315 7.0834 2.38211 7.0834 2.50016V7.69248H8.55776V2.50016C8.55776 2.38211 8.59774 2.28315 8.67772 2.20329C8.75769 2.12343 8.85678 2.0835 8.97499 2.0835C9.09321 2.0835 9.19212 2.12343 9.27172 2.20329C9.3513 2.28315 9.39109 2.38211 9.39109 2.50016V7.69248C9.39109 8.40614 9.16754 9.00924 8.72042 9.50177C8.27331 9.99429 7.72764 10.2897 7.0834 10.388V17.5002C7.0834 17.6182 7.04342 17.7172 6.96345 17.797C6.88349 17.8769 6.7844 17.9168 6.66617 17.9168Z" fill="#868BC3"/>
</g>
</svg>)
16:40:47.415 [restartedMain] INFO  c.b.productos.job.CategorySyncJob - Categorías sincronizadas correctamente desde la API.
16:40:47.646 [restartedMain] WARN  o.s.b.a.o.j.JpaBaseConfiguration$JpaWebConfiguration - spring.jpa.open-in-view is enabled by default. Therefore, database queries may be performed during view rendering. Explicitly configure spring.jpa.open-in-view to disable this warning
16:40:48.046 [restartedMain] WARN  o.s.b.d.a.OptionalLiveReloadServer - Unable to start LiveReload server
16:40:48.061 [restartedMain] INFO  o.a.coyote.http11.Http11NioProtocol - Starting ProtocolHandler ["http-nio-8080"]
16:40:48.065 [restartedMain] WARN  o.s.b.w.s.c.AnnotationConfigServletWebServerApplicationContext - Exception encountered during context initialization - cancelling refresh attempt: org.springframework.context.ApplicationContextException: Failed to start bean 'webServerStartStop'
16:40:48.066 [restartedMain] INFO  o.s.o.j.LocalContainerEntityManagerFactoryBean - Closing JPA EntityManagerFactory for persistence unit 'default'
16:40:48.513 [restartedMain] WARN  o.s.b.f.s.DisposableBeanAdapter - Invocation of destroy method failed on bean with name 'inMemoryDatabaseShutdownExecutor': org.h2.jdbc.JdbcSQLNonTransientConnectionException: La base de datos ya esta cerrada (para des-habilitar el cerrado automatico durante el shutdown de la VM, agregue ";DB_CLOSE_ON_EXIT=FALSE" a la URL de conexión)
Database is already closed (to disable automatic closing at VM shutdown, add ";DB_CLOSE_ON_EXIT=FALSE" to the db URL) [90121-214]
16:40:48.514 [restartedMain] INFO  com.zaxxer.hikari.HikariDataSource - HikariPool-1 - Shutdown initiated...
16:40:48.516 [restartedMain] INFO  com.zaxxer.hikari.HikariDataSource - HikariPool-1 - Shutdown completed.
16:40:48.519 [restartedMain] INFO  o.a.coyote.http11.Http11NioProtocol - Pausing ProtocolHandler ["http-nio-8080"]
16:40:48.519 [restartedMain] INFO  o.a.catalina.core.StandardService - Stopping service [Tomcat]
16:40:48.524 [restartedMain] INFO  o.a.coyote.http11.Http11NioProtocol - Stopping ProtocolHandler ["http-nio-8080"]
16:40:48.525 [restartedMain] INFO  o.a.coyote.http11.Http11NioProtocol - Destroying ProtocolHandler ["http-nio-8080"]
16:40:48.533 [restartedMain] INFO  o.s.b.a.l.ConditionEvaluationReportLogger - 

Error starting ApplicationContext. To display the condition evaluation report re-run your application with 'debug' enabled.
16:40:48.567 [restartedMain] ERROR o.s.b.d.LoggingFailureAnalysisReporter - 

***************************
APPLICATION FAILED TO START
***************************

Description:

Web server failed to start. Port 8080 was already in use.

Action:

Identify and stop the process that's listening on port 8080 or configure this application to listen on another port.

16:41:09.034 [restartedMain] INFO  c.b.productos.ProductosApplication - Starting ProductosApplication using Java 17.0.4.1 with PID 1820 (C:\Users\franc\OneDrive\Escritorio\challenge-bricks\productos\target\classes started by franc in C:\Users\franc\OneDrive\Escritorio\challenge-bricks\productos)
16:41:09.037 [restartedMain] INFO  c.b.productos.ProductosApplication - No active profile set, falling back to 1 default profile: "default"
16:41:09.112 [restartedMain] INFO  o.s.b.d.e.DevToolsPropertyDefaultsPostProcessor - Devtools property defaults active! Set 'spring.devtools.add-properties' to 'false' to disable
16:41:09.112 [restartedMain] INFO  o.s.b.d.e.DevToolsPropertyDefaultsPostProcessor - For additional web related logging consider setting the 'logging.level.web' property to 'DEBUG'
16:41:10.104 [restartedMain] INFO  o.s.d.r.c.RepositoryConfigurationDelegate - Bootstrapping Spring Data JPA repositories in DEFAULT mode.
16:41:10.202 [restartedMain] INFO  o.s.d.r.c.RepositoryConfigurationDelegate - Finished Spring Data repository scanning in 86 ms. Found 2 JPA repository interfaces.
16:41:11.196 [restartedMain] INFO  o.s.b.w.e.tomcat.TomcatWebServer - Tomcat initialized with port(s): 8082 (http)
16:41:11.209 [restartedMain] INFO  o.a.coyote.http11.Http11NioProtocol - Initializing ProtocolHandler ["http-nio-8082"]
16:41:11.214 [restartedMain] INFO  o.a.catalina.core.StandardService - Starting service [Tomcat]
16:41:11.214 [restartedMain] INFO  o.a.catalina.core.StandardEngine - Starting Servlet engine: [Apache Tomcat/10.1.20]
16:41:11.305 [restartedMain] INFO  o.a.c.c.C.[Tomcat].[localhost].[/] - Initializing Spring embedded WebApplicationContext
16:41:11.307 [restartedMain] INFO  o.s.b.w.s.c.ServletWebServerApplicationContext - Root WebApplicationContext: initialization completed in 2193 ms
16:41:11.350 [restartedMain] INFO  com.zaxxer.hikari.HikariDataSource - HikariPool-1 - Starting...
16:41:11.610 [restartedMain] INFO  com.zaxxer.hikari.pool.HikariPool - HikariPool-1 - Added connection conn0: url=jdbc:h2:mem:ProductoDB user=ADMIN
16:41:11.612 [restartedMain] INFO  com.zaxxer.hikari.HikariDataSource - HikariPool-1 - Start completed.
16:41:11.625 [restartedMain] INFO  o.s.b.a.h.H2ConsoleAutoConfiguration - H2 console available at '/h2-console'. Database available at 'jdbc:h2:mem:ProductoDB'
16:41:11.794 [restartedMain] INFO  o.h.jpa.internal.util.LogHelper - HHH000204: Processing PersistenceUnitInfo [name: default]
16:41:11.878 [restartedMain] INFO  org.hibernate.Version - HHH000412: Hibernate ORM core version 6.2.24.Final
16:41:11.881 [restartedMain] INFO  org.hibernate.cfg.Environment - HHH000406: Using bytecode reflection optimizer
16:41:12.222 [restartedMain] INFO  o.s.o.j.p.SpringPersistenceUnitInfo - No LoadTimeWeaver setup: ignoring JPA class transformer
16:41:12.313 [restartedMain] WARN  org.hibernate.orm.deprecation - HHH90000025: H2Dialect does not need to be specified explicitly using 'hibernate.dialect' (remove the property setting and it will be selected by default)
16:41:13.380 [restartedMain] INFO  o.h.e.t.j.p.i.JtaPlatformInitiator - HHH000489: No JTA platform available (set 'hibernate.transaction.jta.platform' to enable JTA platform integration)
16:41:13.448 [restartedMain] INFO  o.s.o.j.LocalContainerEntityManagerFactoryBean - Initialized JPA EntityManagerFactory for persistence unit 'default'
16:41:15.047 [restartedMain] INFO  c.b.productos.apiExterna.ApiClient - Status code: 200 OK
16:41:15.048 [restartedMain] INFO  c.b.productos.apiExterna.ApiClient - Respuesta de la API: CategoryDTO(id=1, code=GAS, name=Gastronomía, description=null, icon=<svg width="20" height="20" viewBox="0 0 20 20" fill="none" xmlns="http://www.w3.org/2000/svg">
<mask id="mask0_3874_1229" style="mask-type:alpha" maskUnits="userSpaceOnUse" x="0" y="0" width="20" height="20">
<rect width="20" height="20" fill="#D9D9D9"/>
</mask>
<g mask="url(#mask0_3874_1229)">
<path d="M14.3585 17.9168C14.2403 17.9168 14.1414 17.8769 14.0618 17.797C13.9822 17.7172 13.9424 17.6182 13.9424 17.5002V11.2502H13.2373C12.8671 11.2502 12.5502 11.1184 12.2865 10.8547C12.0229 10.5911 11.8911 10.2742 11.8911 9.90402V5.8335C11.8911 4.90508 12.1531 4.0827 12.6772 3.36635C13.2012 2.65 13.9007 2.23307 14.7757 2.11554V17.5002C14.7757 17.6182 14.7357 17.7172 14.6558 17.797C14.5758 17.8769 14.4767 17.9168 14.3585 17.9168ZM6.66617 17.9168C6.54795 17.9168 6.44905 17.8769 6.36947 17.797C6.28987 17.7172 6.25007 17.6182 6.25007 17.5002V10.388C5.60583 10.2897 5.06016 9.99429 4.61305 9.50177C4.16594 9.00924 3.94238 8.40614 3.94238 7.69248V2.50016C3.94238 2.38211 3.98236 2.28315 4.06232 2.20329C4.14229 2.12343 4.24139 2.0835 4.35961 2.0835C4.47782 2.0835 4.57672 2.12343 4.65632 2.20329C4.73592 2.28315 4.77572 2.38211 4.77572 2.50016V7.69248H6.25007V2.50016C6.25007 2.38211 6.29006 2.28315 6.37003 2.20329C6.44999 2.12343 6.54908 2.0835 6.6673 2.0835C6.78552 2.0835 6.88442 2.12343 6.96401 2.20329C7.04361 2.28315 7.0834 2.38211 7.0834 2.50016V7.69248H8.55776V2.50016C8.55776 2.38211 8.59774 2.28315 8.67772 2.20329C8.75769 2.12343 8.85678 2.0835 8.97499 2.0835C9.09321 2.0835 9.19212 2.12343 9.27172 2.20329C9.3513 2.28315 9.39109 2.38211 9.39109 2.50016V7.69248C9.39109 8.40614 9.16754 9.00924 8.72042 9.50177C8.27331 9.99429 7.72764 10.2897 7.0834 10.388V17.5002C7.0834 17.6182 7.04342 17.7172 6.96345 17.797C6.88349 17.8769 6.7844 17.9168 6.66617 17.9168Z" fill="#868BC3"/>
</g>
</svg>)
16:41:15.385 [restartedMain] INFO  c.b.productos.job.CategorySyncJob - Categorías sincronizadas correctamente desde la API.
16:41:15.427 [restartedMain] WARN  o.s.b.a.o.j.JpaBaseConfiguration$JpaWebConfiguration - spring.jpa.open-in-view is enabled by default. Therefore, database queries may be performed during view rendering. Explicitly configure spring.jpa.open-in-view to disable this warning
16:41:15.802 [restartedMain] INFO  o.s.b.d.a.OptionalLiveReloadServer - LiveReload server is running on port 35729
16:41:15.815 [restartedMain] INFO  o.a.coyote.http11.Http11NioProtocol - Starting ProtocolHandler ["http-nio-8082"]
16:41:15.841 [restartedMain] INFO  o.s.b.w.e.tomcat.TomcatWebServer - Tomcat started on port(s): 8082 (http) with context path ''
16:41:15.853 [restartedMain] INFO  c.b.productos.ProductosApplication - Started ProductosApplication in 7.327 seconds (process running for 8.333)
16:44:54.656 [http-nio-8082-exec-6] INFO  o.a.c.c.C.[Tomcat].[localhost].[/] - Initializing Spring DispatcherServlet 'dispatcherServlet'
16:44:54.656 [http-nio-8082-exec-6] INFO  o.s.web.servlet.DispatcherServlet - Initializing Servlet 'dispatcherServlet'
16:44:54.657 [http-nio-8082-exec-6] INFO  o.s.web.servlet.DispatcherServlet - Completed initialization in 1 ms
16:50:36.623 [SpringApplicationShutdownHook] INFO  o.s.o.j.LocalContainerEntityManagerFactoryBean - Closing JPA EntityManagerFactory for persistence unit 'default'
16:50:36.968 [SpringApplicationShutdownHook] WARN  o.s.b.f.s.DisposableBeanAdapter - Invocation of destroy method failed on bean with name 'inMemoryDatabaseShutdownExecutor': org.h2.jdbc.JdbcSQLNonTransientConnectionException: La base de datos ya esta cerrada (para des-habilitar el cerrado automatico durante el shutdown de la VM, agregue ";DB_CLOSE_ON_EXIT=FALSE" a la URL de conexión)
Database is already closed (to disable automatic closing at VM shutdown, add ";DB_CLOSE_ON_EXIT=FALSE" to the db URL) [90121-214]
16:50:36.969 [SpringApplicationShutdownHook] INFO  com.zaxxer.hikari.HikariDataSource - HikariPool-1 - Shutdown initiated...
16:50:37.086 [SpringApplicationShutdownHook] INFO  com.zaxxer.hikari.HikariDataSource - HikariPool-1 - Shutdown completed.
